<?xml version="1.0" encoding="UTF-8"?>
<!-- Generated by org.testng.reporters.JUnitReportReporter -->
<testsuite skipped="0" hostname="LAPTOP-4S6DHLRL" name="testcases.LoginToApp" tests="1" failures="0" timestamp="2020-11-07T15:19:55 IST" time="14.931" errors="0">
  <testcase name="loginApp" time="14.931" classname="testcases.LoginToApp"/>
  <system-out/>
</testsuite> <!-- testcases.LoginToApp -->
