<?xml version="1.0" encoding="UTF-8"?>
<!-- Generated by org.testng.reporters.JUnitReportReporter -->
<testsuite skipped="0" hostname="LAPTOP-4S6DHLRL" name="testcases.CreateTest" tests="2" failures="0" timestamp="2020-11-10T08:32:25 IST" time="67.788" errors="0">
  <testcase name="Create" time="33.391" classname="testcases.CreateTest"/>
  <system-out/>
  <testcase name="Create" time="34.397" classname="testcases.CreateTest"/>
  <system-out/>
</testsuite> <!-- testcases.CreateTest -->
