<?xml version="1.0" encoding="UTF-8"?>
<!-- Generated by org.testng.reporters.JUnitReportReporter -->
<testsuite skipped="0" hostname="LAPTOP-4S6DHLRL" name="testcases.DeleteTest" tests="2" failures="0" timestamp="2020-11-08T21:33:01 IST" time="93.275" errors="0">
  <testcase name="Edit" time="44.405" classname="testcases.DeleteTest"/>
  <system-out/>
  <testcase name="Edit" time="48.870" classname="testcases.DeleteTest"/>
  <system-out/>
</testsuite> <!-- testcases.DeleteTest -->
